<?xml version="1.0" encoding="UTF-8"?>
<!-- Generated by org.testng.reporters.JUnitReportReporter -->
<testsuite hostname="DESKTOP-41RHQRM" failures="0" tests="2" name="testCases.TC002_LoginTest" time="4.848" errors="0" timestamp="2025-03-26T15:04:38 IST" skipped="0">
  <testcase classname="testCases.TC002_LoginTest" name="verify_login" time="2.361"/>
  <testcase classname="testCases.TC002_LoginTest" name="verify_login" time="2.487"/>
</testsuite> <!-- testCases.TC002_LoginTest -->
