<?xml version="1.0" encoding="UTF-8"?>
<!-- Generated by org.testng.reporters.JUnitReportReporter -->
<testsuite hostname="DESKTOP-41RHQRM" failures="0" tests="2" name="testCases.TC001_AccountRegistrationTest" time="12.131" errors="0" timestamp="2025-03-21T16:27:03 IST" skipped="0">
  <testcase classname="testCases.TC001_AccountRegistrationTest" name="verify_account_registration" time="6.377"/>
  <testcase classname="testCases.TC001_AccountRegistrationTest" name="verify_account_registration" time="5.754"/>
</testsuite> <!-- testCases.TC001_AccountRegistrationTest -->
