<?xml version="1.0" encoding="UTF-8"?>
<!-- Generated by org.testng.reporters.JUnitReportReporter -->
<testsuite hostname="DESKTOP-41RHQRM" failures="0" tests="2" name="testCases.TC002_LoginTest" time="4.282" errors="0" timestamp="2025-03-21T16:27:03 IST" skipped="0">
  <testcase classname="testCases.TC002_LoginTest" name="verify_login" time="2.267"/>
  <testcase classname="testCases.TC002_LoginTest" name="verify_login" time="2.015"/>
</testsuite> <!-- testCases.TC002_LoginTest -->
